<?xml version="1.0" encoding="UTF-8"?>
<!-- Generated by org.testng.reporters.JUnitXMLReporter -->
<testsuite hostname="NGSLAPTOP23" ignored="0" name="Accordion" tests="10" failures="2" timestamp="31 Jan 2020 06:26:23 GMT" time="180.059" errors="0">
  <testcase name="verifyDefualtMsgOnContentAdminTC01" time="3.608" classname="com.accordion.testcases.TC01">
    <failure type="java.lang.AssertionError" message="expected [Please configure app. Click on &amp;quot;Edit&amp;quot; to configure.
No content exist to display.] but found [One
Two
Three
Four]">
      <![CDATA[java.lang.AssertionError: expected [Please configure app. Click on "Edit" to configure.
No content exist to display.] but found [One
Two
Three
Four]
at Accordion.Accordion.webPart.webpartDefaultMsgContentAdmin(webPart.java:29)
at com.accordion.testcases.TC01.verifyDefualtMsgOnContentAdminTC01(TC01.java:13)
... Removed 31 stack frames]]>
    </failure>
  </testcase> <!-- verifyDefualtMsgOnContentAdminTC01 -->
  <testcase name="verifyMenuTC03" time="6.303" classname="com.accordion.testcases.TC03"/>
  <testcase name="verifyHelpWizardTC04" time="3.373" classname="com.accordion.testcases.TC04"/>
  <testcase name="verifyWizardTC05" time="10.628" classname="com.accordion.testcases.TC05"/>
  <testcase name="verifyWizardTabsTC06" time="9.396" classname="com.accordion.testcases.TC06"/>
  <testcase name="CheckSocialUpdatestabUnderWizardTC76" time="0.675" classname="com.accordion.testcases.TC76"/>
  <testcase name="checkSocialUpdatetabFieldsTC77" time="0.279" classname="com.accordion.testcases.TC77"/>
  <testcase name="CheckDefaultFieldValuesTC78" time="0.427" classname="com.accordion.testcases.TC78"/>
  <testcase name="CheckRatingExperiencesoptiondropdownTC79" time="0.839" classname="com.accordion.testcases.TC79"/>
  <testcase name="CheckCommentCheckboxCheck80" time="102.449" classname="com.accordion.testcases.TC80">
    <failure type="org.openqa.selenium.TimeoutException" message="Expected condition failed: waiting for visibility of element located by By.xpath: //inputs[contains(@id,&amp;apos;aComments&amp;apos;]/span (tried for 100 second(s) with 500 milliseconds interval)">
      <![CDATA[org.openqa.selenium.TimeoutException: Expected condition failed: waiting for visibility of element located by By.xpath: //inputs[contains(@id,'aComments']/span (tried for 100 second(s) with 500 milliseconds interval)
at org.openqa.selenium.support.ui.WebDriverWait.timeoutException(WebDriverWait.java:81)
at org.openqa.selenium.support.ui.FluentWait.until(FluentWait.java:271)
at Accordion.Accordion.socialUpdateTab.apppreviewComment(socialUpdateTab.java:157)
at com.accordion.testcases.TC80.CheckCommentCheckboxCheck80(TC80.java:16)
Caused by: org.openqa.selenium.InvalidSelectorException: invalid selector: Unable to locate an element with the xpath expression //inputs[contains(@id,'aComments']/span because of the following error:
SyntaxError: Failed to execute 'evaluate' on 'Document': The string '//inputs[contains(@id,'aComments']/span' is not a valid XPath expression.
  (Session info: chrome=79.0.3945.130)
For documentation on this error, please visit: http://seleniumhq.org/exceptions/invalid_selector_exception.html
Build info: version: '3.11.0', revision: 'e59cfb3', time: '2018-03-11T20:26:55.152Z'
System info: host: 'NGSLAPTOP23', ip: '172.24.32.166', os.name: 'Windows 10', os.arch: 'amd64', os.version: '10.0', java.version: '1.8.0_171'
Driver info: org.openqa.selenium.chrome.ChromeDriver
Capabilities {acceptInsecureCerts: false, browserName: chrome, browserVersion: 79.0.3945.130, chrome: {chromedriverVersion: 78.0.3904.70 (edb9c9f3de024..., userDataDir: C:\Users\cdurai50\AppData\L...}, goog:chromeOptions: {debuggerAddress: localhost:54081}, javascriptEnabled: true, networkConnectionEnabled: false, pageLoadStrategy: normal, platform: XP, platformName: XP, proxy: Proxy(), setWindowRect: true, strictFileInteractability: false, timeouts: {implicit: 0, pageLoad: 300000, script: 30000}, unhandledPromptBehavior: dismiss and notify}
Session ID: 6d70f925061f02ca0080782f7b069ba6
*** Element info: {Using=xpath, value=//inputs[contains(@id,'aComments']/span}
at org.openqa.selenium.remote.http.W3CHttpResponseCodec.createException(W3CHttpResponseCodec.java:187)
at org.openqa.selenium.remote.http.W3CHttpResponseCodec.decode(W3CHttpResponseCodec.java:122)
at org.openqa.selenium.remote.http.W3CHttpResponseCodec.decode(W3CHttpResponseCodec.java:49)
at org.openqa.selenium.remote.HttpCommandExecutor.execute(HttpCommandExecutor.java:158)
at org.openqa.selenium.remote.service.DriverCommandExecutor.execute(DriverCommandExecutor.java:83)
at org.openqa.selenium.remote.RemoteWebDriver.execute(RemoteWebDriver.java:545)
at org.openqa.selenium.remote.RemoteWebDriver.findElements(RemoteWebDriver.java:346)
at org.openqa.selenium.remote.RemoteWebDriver.findElementsByXPath(RemoteWebDriver.java:425)
at org.openqa.selenium.By$ByXPath.findElements(By.java:356)
at org.openqa.selenium.remote.RemoteWebDriver.findElements(RemoteWebDriver.java:307)
at org.openqa.selenium.support.ui.ExpectedConditions.findElement(ExpectedConditions.java:895)
at org.openqa.selenium.support.ui.ExpectedConditions.access$000(ExpectedConditions.java:44)
at org.openqa.selenium.support.ui.ExpectedConditions$7.apply(ExpectedConditions.java:206)
at org.openqa.selenium.support.ui.ExpectedConditions$7.apply(ExpectedConditions.java:202)
at org.openqa.selenium.support.ui.FluentWait.until(FluentWait.java:248)
... 27 more
... Removed 28 stack frames]]>
    </failure>
  </testcase> <!-- CheckCommentCheckboxCheck80 -->
</testsuite> <!-- Accordion -->
