<?xml version="1.0" encoding="UTF-8"?>
<!-- Generated by org.testng.reporters.JUnitReportReporter -->
<testsuite skipped="0" hostname="NGSLAPTOP23" name="com.accordion.testcases.TC42" tests="1" failures="1" timestamp="17 Dec 2019 11:09:21 GMT" time="5.736" errors="0">
  <testcase name="EditCheckMessage" time="5.736" classname="com.accordion.testcases.TC42">
    <failure type="java.lang.AssertionError" message="expected [No topic configured.] but found [Edit
One Plus 7 Pro - The Best Andriod Phone in the World
Edit
iPhone 11 Pro Max - The Best IOS phone in the world
Edit
Google Pixel 3 - The Best Camera in the world
Edit
Royal Enfield Classic 350 - Gun metal grey with awesome feature
Edit
Signals Airbrone blue - Royal Enfield Classic 350
Edit
Desert Storm - Royal Enfield Classic 500
Edit
Himalayan - Royal Enfield Classic 350
Edit
Stealth Black - Royal Enfield Classic 500
Edit
Thunderbird - Royal Enfield Classic 350
Edit
Thunderbird - Royal Enfield Classic 500
Edit
Interceptor 650 - Royal Enfield]">
      <![CDATA[java.lang.AssertionError: expected [No topic configured.] but found [Edit
One Plus 7 Pro - The Best Andriod Phone in the World
Edit
iPhone 11 Pro Max - The Best IOS phone in the world
Edit
Google Pixel 3 - The Best Camera in the world
Edit
Royal Enfield Classic 350 - Gun metal grey with awesome feature
Edit
Signals Airbrone blue - Royal Enfield Classic 350
Edit
Desert Storm - Royal Enfield Classic 500
Edit
Himalayan - Royal Enfield Classic 350
Edit
Stealth Black - Royal Enfield Classic 500
Edit
Thunderbird - Royal Enfield Classic 350
Edit
Thunderbird - Royal Enfield Classic 500
Edit
Interceptor 650 - Royal Enfield]
at org.testng.Assert.fail(Assert.java:96)
at org.testng.Assert.failNotEquals(Assert.java:776)
at org.testng.Assert.assertEqualsImpl(Assert.java:137)
at org.testng.Assert.assertEquals(Assert.java:118)
at org.testng.Assert.assertEquals(Assert.java:453)
at org.testng.Assert.assertEquals(Assert.java:463)
at com.accordion.testcases.editTab.editNoitemPresent(editTab.java:31)
at com.accordion.testcases.TC42.EditCheckMessage(TC42.java:26)
at sun.reflect.NativeMethodAccessorImpl.invoke0(Native Method)
at sun.reflect.NativeMethodAccessorImpl.invoke(Unknown Source)
at sun.reflect.DelegatingMethodAccessorImpl.invoke(Unknown Source)
at java.lang.reflect.Method.invoke(Unknown Source)
at org.testng.internal.MethodInvocationHelper.invokeMethod(MethodInvocationHelper.java:124)
at org.testng.internal.Invoker.invokeMethod(Invoker.java:580)
at org.testng.internal.Invoker.invokeTestMethod(Invoker.java:716)
at org.testng.internal.Invoker.invokeTestMethods(Invoker.java:988)
at org.testng.internal.TestMethodWorker.invokeTestMethods(TestMethodWorker.java:125)
at org.testng.internal.TestMethodWorker.run(TestMethodWorker.java:109)
at org.testng.TestRunner.privateRun(TestRunner.java:648)
at org.testng.TestRunner.run(TestRunner.java:505)
at org.testng.SuiteRunner.runTest(SuiteRunner.java:455)
at org.testng.SuiteRunner.runSequentially(SuiteRunner.java:450)
at org.testng.SuiteRunner.privateRun(SuiteRunner.java:415)
at org.testng.SuiteRunner.run(SuiteRunner.java:364)
at org.testng.SuiteRunnerWorker.runSuite(SuiteRunnerWorker.java:52)
at org.testng.SuiteRunnerWorker.run(SuiteRunnerWorker.java:84)
at org.testng.TestNG.runSuitesSequentially(TestNG.java:1208)
at org.testng.TestNG.runSuitesLocally(TestNG.java:1137)
at org.testng.TestNG.runSuites(TestNG.java:1049)
at org.testng.TestNG.run(TestNG.java:1017)
at org.testng.remote.AbstractRemoteTestNG.run(AbstractRemoteTestNG.java:114)
at org.testng.remote.RemoteTestNG.initAndRun(RemoteTestNG.java:251)
at org.testng.remote.RemoteTestNG.main(RemoteTestNG.java:77)
]]>
    </failure>
  </testcase> <!-- EditCheckMessage -->
</testsuite> <!-- com.accordion.testcases.TC42 -->
