<?xml version="1.0" encoding="UTF-8"?>
<!-- Generated by org.testng.reporters.JUnitXMLReporter -->
<testsuite hostname="NGSLAPTOP23" ignored="0" name="IEBrowser" tests="2" failures="1" timestamp="07 Feb 2020 10:39:01 GMT" time="3.105" errors="0">
  <testcase name="@BeforeClass setApplication" time="3.024" classname="com.accordion.pages.BaseClass">
    <failure type="org.openqa.selenium.SessionNotCreatedException" message="session not created: This version of ChromeDriver only supports Chrome version 78
Build info: version: &amp;apos;3.11.0&amp;apos;, revision: &amp;apos;e59cfb3&amp;apos;, time: &amp;apos;2018-03-11T20:26:55.152Z&amp;apos;
System info: host: &amp;apos;NGSLAPTOP23&amp;apos;, ip: &amp;apos;172.24.32.166&amp;apos;, os.name: &amp;apos;Windows 10&amp;apos;, os.arch: &amp;apos;amd64&amp;apos;, os.version: &amp;apos;10.0&amp;apos;, java.version: &amp;apos;1.8.0_171&amp;apos;
Driver info: driver.version: ChromeDriver
remote stacktrace: Backtrace:
	Ordinal0 [0x00CAA903+1550595]
	Ordinal0 [0x00C2A701+1025793]
	Ordinal0 [0x00BAC6E5+509669]
	Ordinal0 [0x00B3FC68+64616]
	Ordinal0 [0x00B3C594+50580]
	Ordinal0 [0x00B5ACE7+175335]
	Ordinal0 [0x00B5A8ED+174317]
	Ordinal0 [0x00B58CDB+167131]
	Ordinal0 [0x00B4144A+70730]
	Ordinal0 [0x00B424D0+74960]
	Ordinal0 [0x00B42469+74857]
	Ordinal0 [0x00C442C7+1131207]
	GetHandleVerifier [0x00D470FD+523789]
	GetHandleVerifier [0x00D46E90+523168]
	GetHandleVerifier [0x00D4E1E7+552695]
	GetHandleVerifier [0x00D478FA+525834]
	Ordinal0 [0x00C3B7FC+1095676]
	Ordinal0 [0x00C4633B+1139515]
	Ordinal0 [0x00C464A3+1139875]
	Ordinal0 [0x00C45425+1135653]
	BaseThreadInitThunk [0x756D6359+25]
	RtlGetAppContainerNamedObjectPath [0x778B7B74+228]
	RtlGetAppContainerNamedObjectPath [0x778B7B44+180]
">
      <![CDATA[org.openqa.selenium.SessionNotCreatedException: session not created: This version of ChromeDriver only supports Chrome version 78
Build info: version: '3.11.0', revision: 'e59cfb3', time: '2018-03-11T20:26:55.152Z'
System info: host: 'NGSLAPTOP23', ip: '172.24.32.166', os.name: 'Windows 10', os.arch: 'amd64', os.version: '10.0', java.version: '1.8.0_171'
Driver info: driver.version: ChromeDriver
remote stacktrace: Backtrace:
Ordinal0 [0x00CAA903+1550595]
Ordinal0 [0x00C2A701+1025793]
Ordinal0 [0x00BAC6E5+509669]
Ordinal0 [0x00B3FC68+64616]
Ordinal0 [0x00B3C594+50580]
Ordinal0 [0x00B5ACE7+175335]
Ordinal0 [0x00B5A8ED+174317]
Ordinal0 [0x00B58CDB+167131]
Ordinal0 [0x00B4144A+70730]
Ordinal0 [0x00B424D0+74960]
Ordinal0 [0x00B42469+74857]
Ordinal0 [0x00C442C7+1131207]
GetHandleVerifier [0x00D470FD+523789]
GetHandleVerifier [0x00D46E90+523168]
GetHandleVerifier [0x00D4E1E7+552695]
GetHandleVerifier [0x00D478FA+525834]
Ordinal0 [0x00C3B7FC+1095676]
Ordinal0 [0x00C4633B+1139515]
Ordinal0 [0x00C464A3+1139875]
Ordinal0 [0x00C45425+1135653]
BaseThreadInitThunk [0x756D6359+25]
RtlGetAppContainerNamedObjectPath [0x778B7B74+228]
RtlGetAppContainerNamedObjectPath [0x778B7B44+180]

at org.openqa.selenium.remote.W3CHandshakeResponse.lambda$new$0(W3CHandshakeResponse.java:57)
at org.openqa.selenium.remote.W3CHandshakeResponse.lambda$getResponseFunction$2(W3CHandshakeResponse.java:104)
at org.openqa.selenium.remote.ProtocolHandshake.lambda$createSession$0(ProtocolHandshake.java:123)
at java.util.stream.ReferencePipeline$3$1.accept(Unknown Source)
at java.util.Spliterators$ArraySpliterator.tryAdvance(Unknown Source)
at java.util.stream.ReferencePipeline.forEachWithCancel(Unknown Source)
at java.util.stream.AbstractPipeline.copyIntoWithCancel(Unknown Source)
at java.util.stream.AbstractPipeline.copyInto(Unknown Source)
at java.util.stream.AbstractPipeline.wrapAndCopyInto(Unknown Source)
at java.util.stream.FindOps$FindOp.evaluateSequential(Unknown Source)
at java.util.stream.AbstractPipeline.evaluate(Unknown Source)
at java.util.stream.ReferencePipeline.findFirst(Unknown Source)
at org.openqa.selenium.remote.ProtocolHandshake.createSession(ProtocolHandshake.java:126)
at org.openqa.selenium.remote.ProtocolHandshake.createSession(ProtocolHandshake.java:73)
at org.openqa.selenium.remote.HttpCommandExecutor.execute(HttpCommandExecutor.java:136)
at org.openqa.selenium.remote.service.DriverCommandExecutor.execute(DriverCommandExecutor.java:83)
at org.openqa.selenium.remote.RemoteWebDriver.execute(RemoteWebDriver.java:545)
at org.openqa.selenium.remote.RemoteWebDriver.startSession(RemoteWebDriver.java:209)
at org.openqa.selenium.remote.RemoteWebDriver.<init>(RemoteWebDriver.java:132)
at org.openqa.selenium.chrome.ChromeDriver.<init>(ChromeDriver.java:181)
at org.openqa.selenium.chrome.ChromeDriver.<init>(ChromeDriver.java:168)
at org.openqa.selenium.chrome.ChromeDriver.<init>(ChromeDriver.java:123)
at Accordion.Accordion.loginURL.openChromeBrowser(loginURL.java:14)
at com.accordion.pages.BaseClass.setApplication(BaseClass.java:38)
... Removed 30 stack frames]]>
    </failure>
  </testcase> <!-- @BeforeClass setApplication -->
  <testcase name="@AfterTest closetest" time="0.0" classname="com.accordion.pages.BaseClass">
    <skipped/>
  </testcase> <!-- @AfterTest closetest -->
  <testcase name="verifyDefualtMsgOnContentAdminTC01" time="0.0" classname="com.accordion.testcases.TC01verifyDefaultMessageOnContentAdmin">
    <skipped/>
  </testcase> <!-- verifyDefualtMsgOnContentAdminTC01 -->
  <testcase name="verifyDefualtMsgOnContentAdminTC01" time="0.023" classname="com.accordion.testcases.TC01verifyDefaultMessageOnContentAdmin">
    <failure type="java.lang.NullPointerException">
      <![CDATA[java.lang.NullPointerException
at Listener.TestListener.onTestSkipped(TestListener.java:58)
... Removed 23 stack frames]]>
    </failure>
  </testcase> <!-- verifyDefualtMsgOnContentAdminTC01 -->
</testsuite> <!-- IEBrowser -->
